#
# There is insufficient memory for the Java Runtime Environment to continue.
# Native memory allocation (malloc) failed to allocate 32744 bytes for ChunkPool::allocate
# Possible reasons:
#   The system is out of physical RAM or swap space
#   The process is running with CompressedOops enabled, and the Java Heap may be blocking the growth of the native heap
# Possible solutions:
#   Reduce memory load on the system
#   Increase physical memory or swap space
#   Check if swap backing store is full
#   Decrease Java heap size (-Xmx/-Xms)
#   Decrease number of Java threads
V  [jvm.dll+0x242bb5]
V  [jvm.dll+0xaa2a0]
V  [jvm.dll+0xaa5ec]
V  [jvm.dll+0x35d1ec]
V  [jvm.dll+0x2ce240]
V  [jvm.dll+0x636431]
V  [jvm.dll+0x10f59c]
V  [jvm.dll+0x339f36]
V  [jvm.dll+0x68b386]
V  [jvm.dll+0x68a6d2]
V  [jvm.dll+0x685bb8]
V  [jvm.dll+0x67fcab]
V  [jvm.dll+0x67f2e7]
V  [jvm.dll+0x67d1e2]
V  [jvm.dll+0x1a48dc]
V  [jvm.dll+0x1a5526]
V  [jvm.dll+0x1a5526]
V  [jvm.dll+0x2a8724]
V  [jvm.dll+0x687cab]
V  [jvm.dll+0x67fcab]
V  [jvm.dll+0x67f2e7]
V  [jvm.dll+0x67d1e2]
V  [jvm.dll+0x1a48dc]
V  [jvm.dll+0x214cc8]
V  [jvm.dll+0x1a168d]
V  [jvm.dll+0x2248f8]
V  [jvm.dll+0x222a5c]
V  [jvm.dll+0x78422b]
V  [jvm.dll+0x77e7ea]
V  [jvm.dll+0x66e715]
C  [ucrtbase.dll+0x29363]
C  [KERNEL32.DLL+0x126bd]
C  [ntdll.dll+0x5dfb8]


---------------  P R O C E S S  ---------------

Threads class SMR info:
_java_thread_list=0x000001c862673fb0, length=32, elements={
0x000001c85f366b00, 0x000001c85f3674b0, 0x000001c85f379190, 0x000001c85f37bf50,
0x000001c85f37c900, 0x000001c85f37d2b0, 0x000001c85f381490, 0x000001c85f382290,
0x000001c85f38b450, 0x000001c85fdb90c0, 0x000001c85feb6470, 0x000001c85fec4d00,
0x000001c85fec51f0, 0x000001c85fda0740, 0x000001c86585d820, 0x000001c8613aefb0,
0x000001c867109020, 0x000001c862f57ef0, 0x000001c867ccb850, 0x000001c8608c6540,
0x000001c8608c8220, 0x000001c8608c9090, 0x000001c8608c86f0, 0x000001c8608c8bc0,
0x000001c8608c9560, 0x000001c8608c6070, 0x000001c8608c9a30, 0x000001c8608c6a10,
0x000001c8608c6ee0, 0x000001c86de886e0, 0x000001c86de8cf10, 0x000001c86de8b230
}

Java Threads: ( => current thread )
  0x000001c85f366b00 JavaThread "Reference Handler" daemon [_thread_blocked, id=32700, stack(0x000000b443b00000,0x000000b443c00000)]
  0x000001c85f3674b0 JavaThread "Finalizer" daemon [_thread_blocked, id=17204, stack(0x000000b443c00000,0x000000b443d00000)]
  0x000001c85f379190 JavaThread "Signal Dispatcher" daemon [_thread_blocked, id=22568, stack(0x000000b443d00000,0x000000b443e00000)]
  0x000001c85f37bf50 JavaThread "Attach Listener" daemon [_thread_blocked, id=8044, stack(0x000000b443e00000,0x000000b443f00000)]
  0x000001c85f37c900 JavaThread "Service Thread" daemon [_thread_in_vm, id=34080, stack(0x000000b443f00000,0x000000b444000000)]
  0x000001c85f37d2b0 JavaThread "Monitor Deflation Thread" daemon [_thread_blocked, id=41400, stack(0x000000b444000000,0x000000b444100000)]
=>0x000001c85f381490 JavaThread "C2 CompilerThread0" daemon [_thread_in_native, id=18756, stack(0x000000b444100000,0x000000b444200000)]
  0x000001c85f382290 JavaThread "C1 CompilerThread0" daemon [_thread_blocked, id=8, stack(0x000000b444200000,0x000000b444300000)]
  0x000001c85f38b450 JavaThread "Sweeper thread" daemon [_thread_blocked, id=17048, stack(0x000000b444300000,0x000000b444400000)]
  0x000001c85fdb90c0 JavaThread "Common-Cleaner" daemon [_thread_blocked, id=39864, stack(0x000000b444400000,0x000000b444500000)]
  0x000001c85feb6470 JavaThread "JDWP Transport Listener: dt_socket" daemon [_thread_blocked, id=13272, stack(0x000000b444600000,0x000000b444700000)]
  0x000001c85fec4d00 JavaThread "JDWP Event Helper Thread" daemon [_thread_blocked, id=5992, stack(0x000000b444700000,0x000000b444800000)]
  0x000001c85fec51f0 JavaThread "JDWP Command Reader" daemon [_thread_in_native, id=41340, stack(0x000000b444800000,0x000000b444900000)]
  0x000001c85fda0740 JavaThread "Notification Thread" daemon [_thread_blocked, id=30608, stack(0x000000b444500000,0x000000b444600000)]
  0x000001c86585d820 JavaThread "Catalina-utility-1" [_thread_blocked, id=23472, stack(0x000000b445600000,0x000000b445700000)]
  0x000001c8613aefb0 JavaThread "Catalina-utility-2" [_thread_blocked, id=26348, stack(0x000000b445700000,0x000000b445800000)]
  0x000001c867109020 JavaThread "container-0" [_thread_blocked, id=15204, stack(0x000000b445800000,0x000000b445900000)]
  0x000001c862f57ef0 JavaThread "mysql-cj-abandoned-connection-cleanup" daemon [_thread_blocked, id=23120, stack(0x000000b445900000,0x000000b445a00000)]
  0x000001c867ccb850 JavaThread "HikariPool-1 housekeeper" daemon [_thread_blocked, id=10312, stack(0x000000b445b00000,0x000000b445c00000)]
  0x000001c8608c6540 JavaThread "http-nio-8080-exec-1" daemon [_thread_blocked, id=23640, stack(0x000000b445d00000,0x000000b445e00000)]
  0x000001c8608c8220 JavaThread "http-nio-8080-exec-2" daemon [_thread_blocked, id=25124, stack(0x000000b445e00000,0x000000b445f00000)]
  0x000001c8608c9090 JavaThread "http-nio-8080-exec-3" daemon [_thread_blocked, id=23784, stack(0x000000b445f00000,0x000000b446000000)]
  0x000001c8608c86f0 JavaThread "http-nio-8080-exec-4" daemon [_thread_blocked, id=3708, stack(0x000000b446000000,0x000000b446100000)]
  0x000001c8608c8bc0 JavaThread "http-nio-8080-exec-5" daemon [_thread_blocked, id=37444, stack(0x000000b446100000,0x000000b446200000)]
  0x000001c8608c9560 JavaThread "http-nio-8080-exec-6" daemon [_thread_blocked, id=10868, stack(0x000000b446200000,0x000000b446300000)]
  0x000001c8608c6070 JavaThread "http-nio-8080-exec-7" daemon [_thread_blocked, id=25628, stack(0x000000b446300000,0x000000b446400000)]
  0x000001c8608c9a30 JavaThread "http-nio-8080-exec-8" daemon [_thread_blocked, id=18496, stack(0x000000b446400000,0x000000b446500000)]
  0x000001c8608c6a10 JavaThread "http-nio-8080-exec-9" daemon [_thread_blocked, id=25596, stack(0x000000b446500000,0x000000b446600000)]
  0x000001c8608c6ee0 JavaThread "http-nio-8080-exec-10" daemon [_thread_blocked, id=38148, stack(0x000000b446600000,0x000000b446700000)]
  0x000001c86de886e0 JavaThread "http-nio-8080-Poller" daemon [_thread_in_native, id=37536, stack(0x000000b446700000,0x000000b446800000)]
  0x000001c86de8cf10 JavaThread "http-nio-8080-Acceptor" daemon [_thread_in_native, id=11316, stack(0x000000b446800000,0x000000b446900000)]
  0x000001c86de8b230 JavaThread "DestroyJavaVM" [_thread_blocked, id=39748, stack(0x000000b443400000,0x000000b443500000)]

Other Threads:
  0x000001c85f35f250 VMThread "VM Thread" [stack: 0x000000b443a00000,0x000000b443b00000] [id=33480]
  0x000001c83c748280 WatcherThread [stack: 0x000000b444900000,0x000000b444a00000] [id=41960]
  0x000001c83c72df70 GCTaskThread "GC Thread#0" [stack: 0x000000b443500000,0x000000b443600000] [id=30868]
  0x000001c8606ca3f0 GCTaskThread "GC Thread#1" [stack: 0x000000b444a00000,0x000000b444b00000] [id=32876]
  0x000001c8606caab0 GCTaskThread "GC Thread#2" [stack: 0x000000b444b00000,0x000000b444c00000] [id=6808]
  0x000001c8606cad60 GCTaskThread "GC Thread#3" [stack: 0x000000b444c00000,0x000000b444d00000] [id=9300]
  0x000001c86072f7c0 GCTaskThread "GC Thread#4" [stack: 0x000000b444d00000,0x000000b444e00000] [id=12424]
  0x000001c860730a90 GCTaskThread "GC Thread#5" [stack: 0x000000b444e00000,0x000000b444f00000] [id=9132]
  0x000001c86076c1d0 GCTaskThread "GC Thread#6" [stack: 0x000000b444f00000,0x000000b445000000] [id=22096]
  0x000001c86076c480 GCTaskThread "GC Thread#7" [stack: 0x000000b445000000,0x000000b445100000] [id=39124]
  0x000001c83c73ec30 ConcurrentGCThread "G1 Main Marker" [stack: 0x000000b443600000,0x000000b443700000] [id=13968]
  0x000001c83c740c00 ConcurrentGCThread "G1 Conc#0" [stack: 0x000000b443700000,0x000000b443800000] [id=20556]
  0x000001c860e521d0 ConcurrentGCThread "G1 Conc#1" [stack: 0x000000b445300000,0x000000b445400000] [id=23656]
  0x000001c83c797420 ConcurrentGCThread "G1 Refine#0" [stack: 0x000000b443800000,0x000000b443900000] [id=18084]
  0x000001c8625ca380 ConcurrentGCThread "G1 Refine#1" [stack: 0x000000b445400000,0x000000b445500000] [id=27520]
  0x000001c862f7edc0 ConcurrentGCThread "G1 Refine#2" [stack: 0x000000b445500000,0x000000b445600000] [id=1096]
  0x000001c83c797d40 ConcurrentGCThread "G1 Service" [stack: 0x000000b443900000,0x000000b443a00000] [id=24744]

Threads with active compile tasks:
C2 CompilerThread0  7626738 6366       4       java.lang.ref.Reference::enqueueFromPending (19 bytes)

VM state: not at safepoint (normal execution)

VM Mutex/Monitor currently owned by a thread:  ([mutex/lock_event])
[0x000001c83c6d89d0] ClassLoaderDataGraph_lock - owner thread: 0x000001c85f37c900
[0x000001c83c6d8310] SystemDictionary_lock - owner thread: 0x000001c85f37c900

Heap address: 0x0000000701e00000, size: 4066 MB, Compressed Oops mode: Zero based, Oop shift amount: 3

CDS archive(s) mapped at: [0x0000000800000000-0x0000000800bc0000-0x0000000800bc0000), size 12320768, SharedBaseAddress: 0x0000000800000000, ArchiveRelocationMode: 0.
Compressed class space mapped at: 0x0000000800c00000-0x0000000840c00000, reserved size: 1073741824
Narrow klass base: 0x0000000800000000, Narrow klass shift: 0, Narrow klass range: 0x100000000

GC Precious Log:
 CPUs: 8 total, 8 available
 Memory: 16262M
 Large Page Support: Disabled
 NUMA Support: Disabled
 Compressed Oops: Enabled (Zero based)
 Heap Region Size: 2M
 Heap Min Capacity: 8M
 Heap Initial Capacity: 256M
 Heap Max Capacity: 4066M
 Pre-touch: Disabled
 Parallel Workers: 8
 Concurrent Workers: 2
 Concurrent Refinement Workers: 8
 Periodic GC: Disabled

Heap:
 garbage-first heap   total 55296K, used 27711K [0x0000000701e00000, 0x0000000800000000)
  region size 2048K, 3 young (6144K), 2 survivors (4096K)
 Metaspace       used 64467K, committed 65216K, reserved 1105920K
  class space    used 8516K, committed 8832K, reserved 1048576K

Heap Regions: E=young(eden), S=young(survivor), O=old, HS=humongous(starts), HC=humongous(continues), CS=collection set, F=free, OA=open archive, CA=closed archive, TAMS=top-at-mark-start (previous, next)
|   0|0x0000000701e00000, 0x0000000702000000, 0x0000000702000000|100%| O|  |TAMS 0x0000000702000000, 0x0000000701e00000| Untracked 
|   1|0x0000000702000000, 0x0000000702200000, 0x0000000702200000|100%| O|  |TAMS 0x0000000702200000, 0x0000000702000000| Untracked 
|   2|0x0000000702200000, 0x0000000702400000, 0x0000000702400000|100%| O|  |TAMS 0x0000000702400000, 0x0000000702200000| Untracked 
|   3|0x0000000702400000, 0x0000000702600000, 0x0000000702600000|100%| O|  |TAMS 0x0000000702600000, 0x0000000702400000| Untracked 
|   4|0x0000000702600000, 0x0000000702800000, 0x0000000702800000|100%| O|  |TAMS 0x0000000702800000, 0x0000000702600000| Untracked 
|   5|0x0000000702800000, 0x0000000702a00000, 0x0000000702a00000|100%| O|  |TAMS 0x0000000702a00000, 0x0000000702800000| Untracked 
|   6|0x0000000702a00000, 0x0000000702c00000, 0x0000000702c00000|100%| O|  |TAMS 0x0000000702c00000, 0x0000000702a00000| Untracked 
|   7|0x0000000702c00000, 0x0000000702e00000, 0x0000000702e00000|100%| O|  |TAMS 0x0000000702e00000, 0x0000000702c00000| Untracked 
|   8|0x0000000702e00000, 0x0000000703000000, 0x0000000703000000|100%| O|  |TAMS 0x0000000703000000, 0x0000000702e00000| Complete 
|   9|0x0000000703000000, 0x0000000703200000, 0x0000000703200000|100%| O|  |TAMS 0x0000000703200000, 0x0000000703000000| Complete 
|  10|0x0000000703200000, 0x0000000703400000, 0x0000000703400000|100%| O|  |TAMS 0x0000000703400000, 0x0000000703200000| Untracked 
|  11|0x0000000703400000, 0x0000000703600000, 0x0000000703600000|100%| O|  |TAMS 0x0000000703600000, 0x0000000703400000| Complete 
|  12|0x0000000703600000, 0x00000007036f1800, 0x0000000703800000| 47%| O|  |TAMS 0x00000007036f1800, 0x0000000703600000| Untracked 
|  13|0x0000000703800000, 0x0000000703800000, 0x0000000703a00000|  0%| F|  |TAMS 0x0000000703800000, 0x0000000703800000| Untracked 
|  14|0x0000000703a00000, 0x0000000703a00000, 0x0000000703c00000|  0%| F|  |TAMS 0x0000000703a00000, 0x0000000703a00000| Untracked 
|  15|0x0000000703c00000, 0x0000000703c00000, 0x0000000703e00000|  0%| F|  |TAMS 0x0000000703c00000, 0x0000000703c00000| Untracked 
|  16|0x0000000703e00000, 0x0000000703e1e438, 0x0000000704000000|  5%| S|CS|TAMS 0x0000000703e00000, 0x0000000703e00000| Complete 
|  17|0x0000000704000000, 0x0000000704200000, 0x0000000704200000|100%| S|CS|TAMS 0x0000000704000000, 0x0000000704000000| Complete 
|  18|0x0000000704200000, 0x0000000704200000, 0x0000000704400000|  0%| F|  |TAMS 0x0000000704200000, 0x0000000704200000| Untracked 
|  19|0x0000000704400000, 0x0000000704400000, 0x0000000704600000|  0%| F|  |TAMS 0x0000000704400000, 0x0000000704400000| Untracked 
|  20|0x0000000704600000, 0x0000000704600000, 0x0000000704800000|  0%| F|  |TAMS 0x0000000704600000, 0x0000000704600000| Untracked 
|  21|0x0000000704800000, 0x0000000704800000, 0x0000000704a00000|  0%| F|  |TAMS 0x0000000704800000, 0x0000000704800000| Untracked 
|  86|0x000000070ca00000, 0x000000070ca00000, 0x000000070cc00000|  0%| F|  |TAMS 0x000000070ca00000, 0x000000070ca00000| Untracked 
|  87|0x000000070cc00000, 0x000000070cc00000, 0x000000070ce00000|  0%| F|  |TAMS 0x000000070cc00000, 0x000000070cc00000| Untracked 
|  88|0x000000070ce00000, 0x000000070ce00000, 0x000000070d000000|  0%| F|  |TAMS 0x000000070ce00000, 0x000000070ce00000| Untracked 
|  89|0x000000070d000000, 0x000000070d000000, 0x000000070d200000|  0%| F|  |TAMS 0x000000070d000000, 0x000000070d000000| Untracked 
| 127|0x0000000711c00000, 0x0000000711c11ac0, 0x0000000711e00000|  3%| E|  |TAMS 0x0000000711c00000, 0x0000000711c00000| Complete 

Card table byte_map: [0x000001c853a00000,0x000001c854200000] _byte_map_base: 0x000001c8501f1000

Marking Bits (Prev, Next): (CMBitMap*) 0x000001c83c72e3d0, (CMBitMap*) 0x000001c83c72e390
 Prev Bits: [0x000001c858990000, 0x000001c85c918000)
 Next Bits: [0x000001c854a00000, 0x000001c858988000)

Polling page: 0x000001c83a680000

Metaspace:

Usage:
  Non-class:     54.64 MB used.
      Class:      8.32 MB used.
       Both:     62.96 MB used.

Virtual space:
  Non-class space:       56.00 MB reserved,      55.06 MB ( 98%) committed,  7 nodes.
      Class space:        1.00 GB reserved,       8.62 MB ( <1%) committed,  1 nodes.
             Both:        1.05 GB reserved,      63.69 MB (  6%) committed. 

Chunk freelists:
   Non-Class:  1.10 MB
       Class:  3.53 MB
        Both:  4.63 MB

MaxMetaspaceSize: unlimited
CompressedClassSpaceSize: 1.00 GB
Initial GC threshold: 21.00 MB
Current GC threshold: 105.94 MB
CDS: on
MetaspaceReclaimPolicy: balanced
 - commit_granule_bytes: 65536.
 - commit_granule_words: 8192.
 - virtual_space_node_default_size: 1048576.
 - enlarge_chunks_in_place: 1.
 - new_chunks_are_fully_committed: 0.
 - uncommit_free_chunks: 1.
 - use_allocation_guard: 0.
 - handle_deallocations: 1.


Internal statistics:

num_allocs_failed_limit: 9.
num_arena_births: 720.
num_arena_deaths: 212.
num_vsnodes_births: 8.
num_vsnodes_deaths: 0.
num_space_committed: 1019.
num_space_uncommitted: 0.
num_chunks_returned_to_freelist: 237.
num_chunks_taken_from_freelist: 2889.
num_chunk_merges: 83.
num_chunk_splits: 2114.
num_chunks_enlarged: 1688.
num_purges: 2.
num_inconsistent_stats: 0.

CodeHeap 'non-profiled nmethods': size=120000Kb used=4448Kb max_used=4448Kb free=115551Kb
 bounds [0x000001c84b9a0000, 0x000001c84be00000, 0x000001c852ed0000]
CodeHeap 'profiled nmethods': size=120000Kb used=11269Kb max_used=11269Kb free=108730Kb
 bounds [0x000001c844470000, 0x000001c844f80000, 0x000001c84b9a0000]
CodeHeap 'non-nmethods': size=5760Kb used=1429Kb max_used=1539Kb free=4330Kb
 bounds [0x000001c843ed0000, 0x000001c844140000, 0x000001c844470000]
 total_blobs=6266 nmethods=5570 adapters=608
 compilation: enabled
              stopped_count=0, restarted_count=0
 full_count=0

Compilation events (20 events):
Event: 7519.559 Thread 0x000001c8618b7340 6357       4       java.util.Spliterator::getExactSizeIfKnown (25 bytes)
Event: 7519.560 Thread 0x000001c8618b7340 nmethod 6357 0x000001c84bdf1810 code [0x000001c84bdf19a0, 0x000001c84bdf1a58]
Event: 7519.560 Thread 0x000001c8618b7340 6358       4       java.util.concurrent.ConcurrentHashMap$EntryIterator::next (5 bytes)
Event: 7519.577 Thread 0x000001c8618b7340 nmethod 6358 0x000001c84bdf1b10 code [0x000001c84bdf1ca0, 0x000001c84bdf2238]
Event: 7519.593 Thread 0x000001c85f382290 6359       3       sun.security.ssl.Record::getInt8 (14 bytes)
Event: 7519.594 Thread 0x000001c85f382290 nmethod 6359 0x000001c844f6e010 code [0x000001c844f6e1e0, 0x000001c844f6e5d8]
Event: 7519.595 Thread 0x000001c85f382290 6360       3       java.math.MutableBigInteger::divideMagnitude (1307 bytes)
Event: 7519.598 Thread 0x000001c8618b7340 6361       4       java.util.StringTokenizer::hasMoreTokens (29 bytes)
Event: 7519.601 Thread 0x000001c85f382290 nmethod 6360 0x000001c844f6e790 code [0x000001c844f6eb80, 0x000001c844f70ed8]
Event: 7519.602 Thread 0x000001c85f382290 6362       3       jdk.internal.misc.Unsafe::weakCompareAndSetReference (11 bytes)
Event: 7519.602 Thread 0x000001c85f382290 nmethod 6362 0x000001c844f72510 code [0x000001c844f726a0, 0x000001c844f72818]
Event: 7519.605 Thread 0x000001c85f382290 6364       3       com.mysql.cj.protocol.a.NativeServerSession::setStatusFlags (7 bytes)
Event: 7519.605 Thread 0x000001c85f382290 nmethod 6364 0x000001c844f72890 code [0x000001c844f72a20, 0x000001c844f72bb8]
Event: 7519.608 Thread 0x000001c8618b7340 nmethod 6361 0x000001c84bdf2510 code [0x000001c84bdf26c0, 0x000001c84bdf2c68]
Event: 7519.608 Thread 0x000001c8618b7340 6363       4       sun.security.ssl.SSLSocketImpl$AppInputStream::checkEOF (165 bytes)
Event: 7519.612 Thread 0x000001c8618b7340 nmethod 6363 0x000001c84bdf3010 code [0x000001c84bdf31a0, 0x000001c84bdf33b8]
Event: 7519.647 Thread 0x000001c85f381490 nmethod 6325 0x000001c84bdf3590 code [0x000001c84bdf3c20, 0x000001c84bdf6768]
Event: 7625.807 Thread 0x000001c85f382290 6365       1       sun.security.ssl.SSLSocketImpl::isClosed (5 bytes)
Event: 7625.807 Thread 0x000001c85f381490 6366       4       java.lang.ref.Reference::enqueueFromPending (19 bytes)
Event: 7625.823 Thread 0x000001c85f382290 nmethod 6365 0x000001c84bdf7f10 code [0x000001c84bdf80a0, 0x000001c84bdf8178]

GC Heap History (20 events):
Event: 9.194 GC heap before
{Heap before GC invocations=12 (full 0):
 garbage-first heap   total 55296K, used 40242K [0x0000000701e00000, 0x0000000800000000)
  region size 2048K, 12 young (24576K), 2 survivors (4096K)
 Metaspace       used 47648K, committed 48000K, reserved 1097728K
  class space    used 6156K, committed 6336K, reserved 1048576K
}
Event: 9.199 GC heap after
{Heap after GC invocations=13 (full 0):
 garbage-first heap   total 55296K, used 20571K [0x0000000701e00000, 0x0000000800000000)
  region size 2048K, 2 young (4096K), 2 survivors (4096K)
 Metaspace       used 47648K, committed 48000K, reserved 1097728K
  class space    used 6156K, committed 6336K, reserved 1048576K
}
Event: 10.102 GC heap before
{Heap before GC invocations=13 (full 0):
 garbage-first heap   total 55296K, used 39003K [0x0000000701e00000, 0x0000000800000000)
  region size 2048K, 12 young (24576K), 2 survivors (4096K)
 Metaspace       used 51784K, committed 52224K, reserved 1097728K
  class space    used 6821K, committed 7040K, reserved 1048576K
}
Event: 10.108 GC heap after
{Heap after GC invocations=14 (full 0):
 garbage-first heap   total 55296K, used 21216K [0x0000000701e00000, 0x0000000800000000)
  region size 2048K, 2 young (4096K), 2 survivors (4096K)
 Metaspace       used 51784K, committed 52224K, reserved 1097728K
  class space    used 6821K, committed 7040K, reserved 1048576K
}
Event: 11.083 GC heap before
{Heap before GC invocations=14 (full 0):
 garbage-first heap   total 55296K, used 41696K [0x0000000701e00000, 0x0000000800000000)
  region size 2048K, 12 young (24576K), 2 survivors (4096K)
 Metaspace       used 55516K, committed 56000K, reserved 1097728K
  class space    used 7334K, committed 7552K, reserved 1048576K
}
Event: 11.090 GC heap after
{Heap after GC invocations=15 (full 0):
 garbage-first heap   total 55296K, used 22437K [0x0000000701e00000, 0x0000000800000000)
  region size 2048K, 2 young (4096K), 2 survivors (4096K)
 Metaspace       used 55516K, committed 56000K, reserved 1097728K
  class space    used 7334K, committed 7552K, reserved 1048576K
}
Event: 11.712 GC heap before
{Heap before GC invocations=15 (full 0):
 garbage-first heap   total 55296K, used 40869K [0x0000000701e00000, 0x0000000800000000)
  region size 2048K, 12 young (24576K), 2 survivors (4096K)
 Metaspace       used 57569K, committed 57984K, reserved 1105920K
  class space    used 7615K, committed 7808K, reserved 1048576K
}
Event: 11.717 GC heap after
{Heap after GC invocations=16 (full 0):
 garbage-first heap   total 55296K, used 23371K [0x0000000701e00000, 0x0000000800000000)
  region size 2048K, 2 young (4096K), 2 survivors (4096K)
 Metaspace       used 57569K, committed 57984K, reserved 1105920K
  class space    used 7615K, committed 7808K, reserved 1048576K
}
Event: 12.437 GC heap before
{Heap before GC invocations=16 (full 0):
 garbage-first heap   total 55296K, used 43851K [0x0000000701e00000, 0x0000000800000000)
  region size 2048K, 12 young (24576K), 2 survivors (4096K)
 Metaspace       used 59566K, committed 60032K, reserved 1105920K
  class space    used 7883K, committed 8064K, reserved 1048576K
}
Event: 12.443 GC heap after
{Heap after GC invocations=17 (full 0):
 garbage-first heap   total 55296K, used 25207K [0x0000000701e00000, 0x0000000800000000)
  region size 2048K, 2 young (4096K), 2 survivors (4096K)
 Metaspace       used 59566K, committed 60032K, reserved 1105920K
  class space    used 7883K, committed 8064K, reserved 1048576K
}
Event: 12.600 GC heap before
{Heap before GC invocations=17 (full 0):
 garbage-first heap   total 55296K, used 29303K [0x0000000701e00000, 0x0000000800000000)
  region size 2048K, 5 young (10240K), 2 survivors (4096K)
 Metaspace       used 59981K, committed 60480K, reserved 1105920K
  class space    used 7939K, committed 8128K, reserved 1048576K
}
Event: 12.606 GC heap after
{Heap after GC invocations=18 (full 0):
 garbage-first heap   total 55296K, used 25975K [0x0000000701e00000, 0x0000000800000000)
  region size 2048K, 2 young (4096K), 2 survivors (4096K)
 Metaspace       used 59981K, committed 60480K, reserved 1105920K
  class space    used 7939K, committed 8128K, reserved 1048576K
}
Event: 14.924 GC heap before
{Heap before GC invocations=19 (full 0):
 garbage-first heap   total 55296K, used 42359K [0x0000000701e00000, 0x0000000800000000)
  region size 2048K, 10 young (20480K), 2 survivors (4096K)
 Metaspace       used 63083K, committed 63616K, reserved 1105920K
  class space    used 8408K, committed 8640K, reserved 1048576K
}
Event: 14.933 GC heap after
{Heap after GC invocations=20 (full 0):
 garbage-first heap   total 55296K, used 26740K [0x0000000701e00000, 0x0000000800000000)
  region size 2048K, 1 young (2048K), 1 survivors (2048K)
 Metaspace       used 63083K, committed 63616K, reserved 1105920K
  class space    used 8408K, committed 8640K, reserved 1048576K
}
Event: 1787.874 GC heap before
{Heap before GC invocations=20 (full 0):
 garbage-first heap   total 55296K, used 43124K [0x0000000701e00000, 0x0000000800000000)
  region size 2048K, 9 young (18432K), 1 survivors (2048K)
 Metaspace       used 64515K, committed 65088K, reserved 1105920K
  class space    used 8567K, committed 8832K, reserved 1048576K
}
Event: 1787.914 GC heap after
{Heap after GC invocations=21 (full 0):
 garbage-first heap   total 55296K, used 27228K [0x0000000701e00000, 0x0000000800000000)
  region size 2048K, 2 young (4096K), 2 survivors (4096K)
 Metaspace       used 64515K, committed 65088K, reserved 1105920K
  class space    used 8567K, committed 8832K, reserved 1048576K
}
Event: 7518.894 GC heap before
{Heap before GC invocations=22 (full 0):
 garbage-first heap   total 55296K, used 41564K [0x0000000701e00000, 0x0000000800000000)
  region size 2048K, 9 young (18432K), 2 survivors (4096K)
 Metaspace       used 64603K, committed 65152K, reserved 1105920K
  class space    used 8569K, committed 8832K, reserved 1048576K
}
Event: 7518.928 GC heap after
{Heap after GC invocations=23 (full 0):
 garbage-first heap   total 55296K, used 27398K [0x0000000701e00000, 0x0000000800000000)
  region size 2048K, 1 young (2048K), 1 survivors (2048K)
 Metaspace       used 64603K, committed 65152K, reserved 1105920K
  class space    used 8569K, committed 8832K, reserved 1048576K
}
Event: 7624.178 GC heap before
{Heap before GC invocations=23 (full 0):
 garbage-first heap   total 55296K, used 43782K [0x0000000701e00000, 0x0000000800000000)
  region size 2048K, 9 young (18432K), 1 survivors (2048K)
 Metaspace       used 64695K, committed 65216K, reserved 1105920K
  class space    used 8569K, committed 8832K, reserved 1048576K
}
Event: 7624.322 GC heap after
{Heap after GC invocations=24 (full 0):
 garbage-first heap   total 55296K, used 27711K [0x0000000701e00000, 0x0000000800000000)
  region size 2048K, 2 young (4096K), 2 survivors (4096K)
 Metaspace       used 64695K, committed 65216K, reserved 1105920K
  class space    used 8569K, committed 8832K, reserved 1048576K
}

Deoptimization events (20 events):
Event: 7519.493 Thread 0x000001c86de8d3e0 DEOPT PACKING pc=0x000001c844ee3a04 sp=0x000000b4432fda70
Event: 7519.493 Thread 0x000001c86de8d3e0 DEOPT UNPACKING pc=0x000001c843f22b43 sp=0x000000b4432fcfb0 mode 1
Event: 7519.495 Thread 0x000001c86de8d3e0 DEOPT PACKING pc=0x000001c844de6ce1 sp=0x000000b4432fddb0
Event: 7519.495 Thread 0x000001c86de8d3e0 DEOPT UNPACKING pc=0x000001c843f22b43 sp=0x000000b4432fd268 mode 1
Event: 7519.497 Thread 0x000001c86de8d3e0 DEOPT PACKING pc=0x000001c844db89bd sp=0x000000b4432fd8b0
Event: 7519.497 Thread 0x000001c86de8d3e0 DEOPT UNPACKING pc=0x000001c843f22b43 sp=0x000000b4432fcd30 mode 0
Event: 7519.497 Thread 0x000001c86de8d3e0 DEOPT PACKING pc=0x000001c844de6ce1 sp=0x000000b4432fdc00
Event: 7519.497 Thread 0x000001c86de8d3e0 DEOPT UNPACKING pc=0x000001c843f22b43 sp=0x000000b4432fd0b8 mode 1
Event: 7519.590 Thread 0x000001c86de8d3e0 DEOPT PACKING pc=0x000001c844de6ce1 sp=0x000000b4432fdc60
Event: 7519.591 Thread 0x000001c86de8d3e0 DEOPT UNPACKING pc=0x000001c843f22b43 sp=0x000000b4432fd118 mode 1
Event: 7519.591 Thread 0x000001c86de8d3e0 DEOPT PACKING pc=0x000001c844de6ce1 sp=0x000000b4432fdc50
Event: 7519.591 Thread 0x000001c86de8d3e0 DEOPT UNPACKING pc=0x000001c843f22b43 sp=0x000000b4432fd108 mode 1
Event: 7519.594 Thread 0x000001c86de8d3e0 DEOPT PACKING pc=0x000001c844ee3a04 sp=0x000000b4432fd9d0
Event: 7519.594 Thread 0x000001c86de8d3e0 DEOPT UNPACKING pc=0x000001c843f22b43 sp=0x000000b4432fcf10 mode 1
Event: 7519.594 Thread 0x000001c86de8d3e0 DEOPT PACKING pc=0x000001c844ee3a04 sp=0x000000b4432fd9d0
Event: 7519.594 Thread 0x000001c86de8d3e0 DEOPT UNPACKING pc=0x000001c843f22b43 sp=0x000000b4432fcf10 mode 1
Event: 7519.598 Thread 0x000001c86de8d3e0 DEOPT PACKING pc=0x000001c844de6ce1 sp=0x000000b4432fdd20
Event: 7519.598 Thread 0x000001c86de8d3e0 DEOPT UNPACKING pc=0x000001c843f22b43 sp=0x000000b4432fd1d8 mode 1
Event: 7519.601 Thread 0x000001c86de8d3e0 DEOPT PACKING pc=0x000001c844de6ce1 sp=0x000000b4432fdb60
Event: 7519.601 Thread 0x000001c86de8d3e0 DEOPT UNPACKING pc=0x000001c843f22b43 sp=0x000000b4432fd018 mode 1

Classes unloaded (20 events):
Event: 7624.743 Thread 0x000001c85f35f250 Unloading class 0x0000000800de9000 'java/lang/invoke/LambdaForm$DMH+0x0000000800de9000'
Event: 7624.743 Thread 0x000001c85f35f250 Unloading class 0x0000000800d15000 'java/lang/invoke/LambdaForm$DMH+0x0000000800d15000'
Event: 7624.744 Thread 0x000001c85f35f250 Unloading class 0x0000000800d00c00 'java/lang/invoke/LambdaForm$MH+0x0000000800d00c00'
Event: 7624.744 Thread 0x000001c85f35f250 Unloading class 0x0000000800d00800 'java/lang/invoke/LambdaForm$MH+0x0000000800d00800'
Event: 7624.744 Thread 0x000001c85f35f250 Unloading class 0x0000000800d00400 'java/lang/invoke/LambdaForm$MH+0x0000000800d00400'
Event: 7624.744 Thread 0x000001c85f35f250 Unloading class 0x0000000800d00000 'java/lang/invoke/LambdaForm$MH+0x0000000800d00000'
Event: 7624.744 Thread 0x000001c85f35f250 Unloading class 0x0000000800cb9c00 'java/lang/invoke/LambdaForm$MH+0x0000000800cb9c00'
Event: 7624.744 Thread 0x000001c85f35f250 Unloading class 0x0000000800cb9800 'java/lang/invoke/LambdaForm$MH+0x0000000800cb9800'
Event: 7624.744 Thread 0x000001c85f35f250 Unloading class 0x0000000800cb9400 'java/lang/invoke/LambdaForm$MH+0x0000000800cb9400'
Event: 7624.744 Thread 0x000001c85f35f250 Unloading class 0x0000000800cb9000 'java/lang/invoke/LambdaForm$MH+0x0000000800cb9000'
Event: 7624.745 Thread 0x000001c85f35f250 Unloading class 0x0000000800c21400 'java/lang/invoke/LambdaForm$MH+0x0000000800c21400'
Event: 7624.745 Thread 0x000001c85f35f250 Unloading class 0x0000000800c21000 'java/lang/invoke/LambdaForm$MH+0x0000000800c21000'
Event: 7624.746 Thread 0x000001c85f35f250 Unloading class 0x0000000800c20c00 'java/lang/invoke/LambdaForm$MH+0x0000000800c20c00'
Event: 7624.746 Thread 0x000001c85f35f250 Unloading class 0x0000000800c20800 'java/lang/invoke/LambdaForm$MH+0x0000000800c20800'
Event: 7624.746 Thread 0x000001c85f35f250 Unloading class 0x0000000800c20400 'java/lang/invoke/LambdaForm$MH+0x0000000800c20400'
Event: 7624.746 Thread 0x000001c85f35f250 Unloading class 0x0000000800c20000 'java/lang/invoke/LambdaForm$MH+0x0000000800c20000'
Event: 7624.746 Thread 0x000001c85f35f250 Unloading class 0x0000000800c11c00 'java/lang/invoke/LambdaForm$MH+0x0000000800c11c00'
Event: 7624.746 Thread 0x000001c85f35f250 Unloading class 0x0000000800c11400 'java/lang/invoke/LambdaForm$MH+0x0000000800c11400'
Event: 7624.746 Thread 0x000001c85f35f250 Unloading class 0x0000000800c10c00 'java/lang/invoke/LambdaForm$MH+0x0000000800c10c00'
Event: 7624.746 Thread 0x000001c85f35f250 Unloading class 0x0000000800c10400 'java/lang/invoke/LambdaForm$MH+0x0000000800c10400'

Classes redefined (0 events):
No events

Internal exceptions (20 events):
Event: 12.614 Thread 0x000001c83c6de1d0 Exception <a 'java/lang/NoSuchMethodError'{0x0000000711c1be58}: 'java.lang.Object java.lang.invoke.DirectMethodHandle$Holder.invokeSpecial(java.lang.Object, java.lang.Object, java.lang.Object, int, java.lang.Object, int)'> (0x0000000711c1be58) 
thrown [t:\workspace\open\src\hotspot\share\interpreter\linkResolver.cpp, line 766]
Event: 14.584 Thread 0x000001c8608c8220 Exception <a 'java/lang/NoSuchMethodError'{0x000000070cef4fe8}: 'java.lang.Object java.lang.invoke.DirectMethodHandle$Holder.invokeSpecial(java.lang.Object, java.lang.Object, java.lang.Object, java.lang.Object, java.lang.Object, long)'> (0x000000070cef4fe8) 
thrown [t:\workspace\open\src\hotspot\share\interpreter\linkResolver.cpp, line 766]
Event: 14.584 Thread 0x000001c8608c8220 Exception <a 'java/lang/NoSuchMethodError'{0x000000070cef8a28}: 'java.lang.Object java.lang.invoke.Invokers$Holder.linkToTargetMethod(java.lang.Object, java.lang.Object, java.lang.Object, long, java.lang.Object)'> (0x000000070cef8a28) 
thrown [t:\workspace\open\src\hotspot\share\interpreter\linkResolver.cpp, line 766]
Event: 14.851 Thread 0x000001c8608c8220 Exception <a 'java/lang/NoSuchMethodError'{0x00000007043bf110}: 'java.lang.Object java.lang.invoke.DirectMethodHandle$Holder.invokeInterface(java.lang.Object, java.lang.Object, java.lang.Object, java.lang.Object)'> (0x00000007043bf110) 
thrown [t:\workspace\open\src\hotspot\share\interpreter\linkResolver.cpp, line 766]
Event: 14.897 Thread 0x000001c8608c8220 Exception <a 'java/lang/IncompatibleClassChangeError'{0x000000070410f240}: Found class java.lang.Object, but interface was expected> (0x000000070410f240) 
thrown [t:\workspace\open\src\hotspot\share\interpreter\linkResolver.cpp, line 833]
Event: 15.062 Thread 0x000001c8608c8220 Exception <a 'java/lang/NoSuchMethodError'{0x000000070d15ce88}: 'void java.lang.invoke.DirectMethodHandle$Holder.invokeStatic(java.lang.Object, java.lang.Object, java.lang.Object, int, java.lang.Object)'> (0x000000070d15ce88) 
thrown [t:\workspace\open\src\hotspot\share\interpreter\linkResolver.cpp, line 766]
Event: 15.066 Thread 0x000001c8608c8220 Implicit null exception at 0x000001c84bab8e4f to 0x000001c84bab900c
Event: 1765.334 Thread 0x000001c86de8d3e0 Exception <a 'java/io/IOException'{0x000000070cd4e180}> (0x000000070cd4e180) 
thrown [t:\workspace\open\src\hotspot\share\prims\jni.cpp, line 516]
Event: 1765.335 Thread 0x000001c86de8d3e0 Exception <a 'java/io/IOException'{0x000000070cd4ed20}> (0x000000070cd4ed20) 
thrown [t:\workspace\open\src\hotspot\share\prims\jni.cpp, line 516]
Event: 1798.982 Thread 0x000001c86de88bb0 Exception <a 'java/io/IOException'{0x000000070d0aba40}> (0x000000070d0aba40) 
thrown [t:\workspace\open\src\hotspot\share\prims\jni.cpp, line 516]
Event: 7517.140 Thread 0x000001c86de86060 Exception <a 'java/io/IOException'{0x0000000704973918}> (0x0000000704973918) 
thrown [t:\workspace\open\src\hotspot\share\prims\jni.cpp, line 516]
Event: 7517.468 Thread 0x000001c86de86060 Exception <a 'java/io/IOException'{0x0000000704974458}> (0x0000000704974458) 
thrown [t:\workspace\open\src\hotspot\share\prims\jni.cpp, line 516]
Event: 7517.557 Thread 0x000001c86de86060 Exception <a 'java/io/IOException'{0x0000000704999d38}> (0x0000000704999d38) 
thrown [t:\workspace\open\src\hotspot\share\prims\jni.cpp, line 516]
Event: 7517.558 Thread 0x000001c86de86060 Exception <a 'java/io/IOException'{0x00000007049ac488}> (0x00000007049ac488) 
thrown [t:\workspace\open\src\hotspot\share\prims\jni.cpp, line 516]
Event: 7517.569 Thread 0x000001c86de86060 Exception <a 'java/io/IOException'{0x00000007049af050}> (0x00000007049af050) 
thrown [t:\workspace\open\src\hotspot\share\prims\jni.cpp, line 516]
Event: 7517.570 Thread 0x000001c86de86060 Exception <a 'java/io/IOException'{0x00000007049afb90}> (0x00000007049afb90) 
thrown [t:\workspace\open\src\hotspot\share\prims\jni.cpp, line 516]
Event: 7517.607 Thread 0x000001c86de86060 Exception <a 'java/io/IOException'{0x00000007049b2758}> (0x00000007049b2758) 
thrown [t:\workspace\open\src\hotspot\share\prims\jni.cpp, line 516]
Event: 7517.608 Thread 0x000001c86de86060 Exception <a 'java/io/IOException'{0x00000007049b3298}> (0x00000007049b3298) 
thrown [t:\workspace\open\src\hotspot\share\prims\jni.cpp, line 516]
Event: 7517.700 Thread 0x000001c86de86060 Exception <a 'java/io/IOException'{0x0000000704684030}> (0x0000000704684030) 
thrown [t:\workspace\open\src\hotspot\share\prims\jni.cpp, line 516]
Event: 7517.701 Thread 0x000001c86de86060 Exception <a 'java/io/IOException'{0x0000000704684b70}> (0x0000000704684b70) 
thrown [t:\workspace\open\src\hotspot\share\prims\jni.cpp, line 516]

VM Operations (20 events):
Event: 7517.290 Executing VM operation: Cleanup
Event: 7517.316 Executing VM operation: Cleanup done
Event: 7518.328 Executing VM operation: Cleanup
Event: 7518.394 Executing VM operation: Cleanup done
Event: 7518.894 Executing VM operation: G1CollectForAllocation
Event: 7518.928 Executing VM operation: G1CollectForAllocation done
Event: 7518.975 Executing VM operation: Cleanup
Event: 7518.985 Executing VM operation: Cleanup done
Event: 7519.994 Executing VM operation: Cleanup
Event: 7519.994 Executing VM operation: Cleanup done
Event: 7624.168 Executing VM operation: G1CollectForAllocation
Event: 7624.325 Executing VM operation: G1CollectForAllocation done
Event: 7624.407 Executing VM operation: Cleanup
Event: 7624.456 Executing VM operation: Cleanup done
Event: 7624.700 Executing VM operation: G1Concurrent
Event: 7625.804 Executing VM operation: G1Concurrent done
Event: 7625.811 Executing VM operation: Cleanup
Event: 7625.815 Executing VM operation: Cleanup done
Event: 7625.825 Executing VM operation: G1Concurrent
Event: 7626.553 Executing VM operation: G1Concurrent done

Events (20 events):
Event: 1772.250 Thread 0x000001c8618bbf30 Thread added: 0x000001c8618bbf30
Event: 1777.186 Thread 0x000001c86de8d3e0 Thread exited: 0x000001c86de8d3e0
Event: 1777.281 Thread 0x000001c86de86060 Thread exited: 0x000001c86de86060
Event: 1777.313 Thread 0x000001c8618bbf30 Thread exited: 0x000001c8618bbf30
Event: 1787.390 Thread 0x000001c86de86ed0 Thread added: 0x000001c86de86ed0
Event: 1787.390 Thread 0x000001c86de8bbd0 Thread added: 0x000001c86de8bbd0
Event: 1797.147 Thread 0x000001c86de86ed0 Thread exited: 0x000001c86de86ed0
Event: 1797.242 Thread 0x000001c86de8bbd0 Thread exited: 0x000001c86de8bbd0
Event: 1797.588 Thread 0x000001c86de88bb0 Thread added: 0x000001c86de88bb0
Event: 1797.589 Thread 0x000001c86de8bbd0 Thread added: 0x000001c86de8bbd0
Event: 1809.557 Thread 0x000001c86de88bb0 Thread exited: 0x000001c86de88bb0
Event: 1809.620 Thread 0x000001c86de8bbd0 Thread exited: 0x000001c86de8bbd0
Event: 7508.426 Thread 0x000001c8618b91a0 Thread added: 0x000001c8618b91a0
Event: 7513.534 Thread 0x000001c8618b91a0 Thread exited: 0x000001c8618b91a0
Event: 7516.685 Thread 0x000001c86de86060 Thread added: 0x000001c86de86060
Event: 7516.698 Thread 0x000001c86de8d3e0 Thread added: 0x000001c86de8d3e0
Event: 7518.933 Thread 0x000001c8618b7340 Thread added: 0x000001c8618b7340
Event: 7522.761 Thread 0x000001c86de86060 Thread exited: 0x000001c86de86060
Event: 7524.624 Thread 0x000001c8618b7340 Thread exited: 0x000001c8618b7340
Event: 7524.625 Thread 0x000001c86de8d3e0 Thread exited: 0x000001c86de8d3e0


Dynamic libraries:
0x00007ff67d250000 - 0x00007ff67d260000 	C:\Program Files\Java\jdk-17\bin\java.exe
0x00007ffe0d450000 - 0x00007ffe0d664000 	C:\WINDOWS\SYSTEM32\ntdll.dll
0x00007ffe0c260000 - 0x00007ffe0c323000 	C:\WINDOWS\System32\KERNEL32.DLL
0x00007ffe0aa60000 - 0x00007ffe0adfc000 	C:\WINDOWS\System32\KERNELBASE.dll
0x00007ffe0b140000 - 0x00007ffe0b251000 	C:\WINDOWS\System32\ucrtbase.dll
0x00007ffdd9560000 - 0x00007ffdd9578000 	C:\Program Files\Java\jdk-17\bin\jli.dll
0x00007ffdd9540000 - 0x00007ffdd955a000 	C:\Program Files\Java\jdk-17\bin\VCRUNTIME140.dll
0x00007ffe0b360000 - 0x00007ffe0b40e000 	C:\WINDOWS\System32\ADVAPI32.dll
0x00007ffe0c330000 - 0x00007ffe0c3d7000 	C:\WINDOWS\System32\msvcrt.dll
0x00007ffe0bb70000 - 0x00007ffe0bc14000 	C:\WINDOWS\System32\sechost.dll
0x00007ffe0b5b0000 - 0x00007ffe0b6c5000 	C:\WINDOWS\System32\RPCRT4.dll
0x00007ffe0c490000 - 0x00007ffe0c63d000 	C:\WINDOWS\System32\USER32.dll
0x00007ffdf26d0000 - 0x00007ffdf295e000 	C:\WINDOWS\WinSxS\amd64_microsoft.windows.common-controls_6595b64144ccf1df_6.0.22621.608_none_a9444ca7c10bb01d\COMCTL32.dll
0x00007ffe0a910000 - 0x00007ffe0a936000 	C:\WINDOWS\System32\win32u.dll
0x00007ffe0cab0000 - 0x00007ffe0cad9000 	C:\WINDOWS\System32\GDI32.dll
0x00007ffe0a940000 - 0x00007ffe0aa52000 	C:\WINDOWS\System32\gdi32full.dll
0x00007ffe0b0a0000 - 0x00007ffe0b13a000 	C:\WINDOWS\System32\msvcp_win.dll
0x00007ffdf6b90000 - 0x00007ffdf6b9a000 	C:\WINDOWS\SYSTEM32\VERSION.dll
0x00007ffe0b410000 - 0x00007ffe0b442000 	C:\WINDOWS\System32\IMM32.DLL
0x00007ffdd9190000 - 0x00007ffdd919c000 	C:\Program Files\Java\jdk-17\bin\vcruntime140_1.dll
0x00007ffdd9100000 - 0x00007ffdd918d000 	C:\Program Files\Java\jdk-17\bin\msvcp140.dll
0x00007ffdd8540000 - 0x00007ffdd90fe000 	C:\Program Files\Java\jdk-17\bin\server\jvm.dll
0x00007ffe0c900000 - 0x00007ffe0c908000 	C:\WINDOWS\System32\PSAPI.DLL
0x00007ffde5af0000 - 0x00007ffde5af9000 	C:\WINDOWS\SYSTEM32\WSOCK32.dll
0x00007ffdfeb10000 - 0x00007ffdfeb44000 	C:\WINDOWS\SYSTEM32\WINMM.dll
0x00007ffe0c3f0000 - 0x00007ffe0c461000 	C:\WINDOWS\System32\ws2_32.DLL
0x00007ffe098a0000 - 0x00007ffe098b8000 	C:\WINDOWS\SYSTEM32\kernel.appcore.dll
0x00007ffdd5450000 - 0x00007ffdd545a000 	C:\Program Files\Java\jdk-17\bin\jimage.dll
0x00007ffe079a0000 - 0x00007ffe07bce000 	C:\WINDOWS\SYSTEM32\DBGHELP.DLL
0x00007ffe0bc20000 - 0x00007ffe0bfaa000 	C:\WINDOWS\System32\combase.dll
0x00007ffe0d330000 - 0x00007ffe0d407000 	C:\WINDOWS\System32\OLEAUT32.dll
0x00007ffde4ff0000 - 0x00007ffde5022000 	C:\WINDOWS\SYSTEM32\dbgcore.DLL
0x00007ffe0a890000 - 0x00007ffe0a90b000 	C:\WINDOWS\System32\bcryptPrimitives.dll
0x00007ffdff440000 - 0x00007ffdff47b000 	C:\Program Files\Java\jdk-17\bin\jdwp.dll
0x00007ffe07700000 - 0x00007ffe0770e000 	C:\Program Files\Java\jdk-17\bin\instrument.dll
0x00007ffdf2a60000 - 0x00007ffdf2a85000 	C:\Program Files\Java\jdk-17\bin\java.dll
0x00007ffdd7bd0000 - 0x00007ffdd7be8000 	C:\Program Files\Java\jdk-17\bin\zip.dll
0x00007ffdd40f0000 - 0x00007ffdd41c6000 	C:\Program Files\Java\jdk-17\bin\svml.dll
0x00007ffe0cae0000 - 0x00007ffe0d2cf000 	C:\WINDOWS\System32\SHELL32.dll
0x00007ffe08860000 - 0x00007ffe09128000 	C:\WINDOWS\SYSTEM32\windows.storage.dll
0x00007ffe08720000 - 0x00007ffe0885e000 	C:\WINDOWS\SYSTEM32\wintypes.dll
0x00007ffe0b4b0000 - 0x00007ffe0b5a1000 	C:\WINDOWS\System32\SHCORE.dll
0x00007ffe0b450000 - 0x00007ffe0b4ae000 	C:\WINDOWS\System32\shlwapi.dll
0x00007ffe0a7c0000 - 0x00007ffe0a7e1000 	C:\WINDOWS\SYSTEM32\profapi.dll
0x00007ffe02050000 - 0x00007ffe0205c000 	C:\Program Files\Java\jdk-17\bin\dt_socket.dll
0x00007ffe09380000 - 0x00007ffe093ad000 	C:\WINDOWS\SYSTEM32\IPHLPAPI.DLL
0x00007ffe09d00000 - 0x00007ffe09d69000 	C:\WINDOWS\system32\mswsock.dll
0x00007ffdda620000 - 0x00007ffdda639000 	C:\Program Files\Java\jdk-17\bin\net.dll
0x00007ffdfda00000 - 0x00007ffdfdb2f000 	C:\WINDOWS\SYSTEM32\WINHTTP.dll
0x00007ffdd7c40000 - 0x00007ffdd7c55000 	C:\Program Files\Java\jdk-17\bin\nio.dll
0x00007ffddaa90000 - 0x00007ffddaaa0000 	C:\Program Files\Java\jdk-17\bin\verify.dll
0x00007ffe0a090000 - 0x00007ffe0a0ab000 	C:\WINDOWS\SYSTEM32\CRYPTSP.dll
0x00007ffe09810000 - 0x00007ffe09845000 	C:\WINDOWS\system32\rsaenh.dll
0x00007ffe09da0000 - 0x00007ffe09dc8000 	C:\WINDOWS\SYSTEM32\USERENV.dll
0x00007ffe0a250000 - 0x00007ffe0a278000 	C:\WINDOWS\SYSTEM32\bcrypt.dll
0x00007ffe0a000000 - 0x00007ffe0a00c000 	C:\WINDOWS\SYSTEM32\CRYPTBASE.dll
0x00007ffe0c3e0000 - 0x00007ffe0c3e9000 	C:\WINDOWS\System32\NSI.dll
0x00007ffdfd780000 - 0x00007ffdfd799000 	C:\WINDOWS\SYSTEM32\dhcpcsvc6.DLL
0x00007ffdfd740000 - 0x00007ffdfd75f000 	C:\WINDOWS\SYSTEM32\dhcpcsvc.DLL
0x00007ffe093f0000 - 0x00007ffe094e3000 	C:\WINDOWS\SYSTEM32\DNSAPI.dll
0x00007ffddae30000 - 0x00007ffddae3e000 	C:\Program Files\Java\jdk-17\bin\sunmscapi.dll
0x00007ffe0af30000 - 0x00007ffe0b096000 	C:\WINDOWS\System32\CRYPT32.dll
0x00007ffe0a220000 - 0x00007ffe0a24d000 	C:\WINDOWS\SYSTEM32\ncrypt.dll
0x00007ffe0a1e0000 - 0x00007ffe0a217000 	C:\WINDOWS\SYSTEM32\NTASN1.dll
0x00007ffe078c0000 - 0x00007ffe078c9000 	C:\Program Files\Java\jdk-17\bin\management.dll
0x00007ffe078b0000 - 0x00007ffe078bb000 	C:\Program Files\Java\jdk-17\bin\management_ext.dll
0x00007ffdecbd0000 - 0x00007ffdecbda000 	C:\Windows\System32\rasadhlp.dll
0x00007ffdf7d30000 - 0x00007ffdf7db3000 	C:\WINDOWS\System32\fwpuclnt.dll
0x00007ffe078d0000 - 0x00007ffe078d8000 	C:\WINDOWS\system32\wshunix.dll

dbghelp: loaded successfully - version: 4.0.5 - missing functions: none
symbol engine: initialized successfully - sym options: 0x614 - pdb path: .;C:\Program Files\Java\jdk-17\bin;C:\WINDOWS\SYSTEM32;C:\WINDOWS\WinSxS\amd64_microsoft.windows.common-controls_6595b64144ccf1df_6.0.22621.608_none_a9444ca7c10bb01d;C:\Program Files\Java\jdk-17\bin\server

VM Arguments:
jvm_args: -agentlib:jdwp=transport=dt_socket,address=127.0.0.1:62842,suspend=y,server=n -javaagent:C:\Users\nicole\AppData\Local\JetBrains\IdeaIC2022.2\captureAgent\debugger-agent.jar -Dfile.encoding=UTF-8 
java_command: com.newIbsApp.ibs.IbsSystemApiApplication
java_class_path (initial): C:\Users\nicole\OneDrive - National University of Ireland, Galway\college\year 4\Semester2\Final Year Project\newProject\ibs-system-api\target\classes;C:\Users\nicole\.m2\repository\org\springframework\boot\spring-boot-starter-data-jpa\3.0.1\spring-boot-starter-data-jpa-3.0.1.jar;C:\Users\nicole\.m2\repository\org\springframework\boot\spring-boot-starter-aop\3.0.1\spring-boot-starter-aop-3.0.1.jar;C:\Users\nicole\.m2\repository\org\springframework\spring-aop\6.0.3\spring-aop-6.0.3.jar;C:\Users\nicole\.m2\repository\org\aspectj\aspectjweaver\1.9.19\aspectjweaver-1.9.19.jar;C:\Users\nicole\.m2\repository\org\springframework\boot\spring-boot-starter-jdbc\3.0.1\spring-boot-starter-jdbc-3.0.1.jar;C:\Users\nicole\.m2\repository\com\zaxxer\HikariCP\5.0.1\HikariCP-5.0.1.jar;C:\Users\nicole\.m2\repository\org\springframework\spring-jdbc\6.0.3\spring-jdbc-6.0.3.jar;C:\Users\nicole\.m2\repository\org\springframework\data\spring-data-jpa\3.0.0\spring-data-jpa-3.0.0.jar;C:\Users\nicole\.m2\repository\org\springframework\data\spring-data-commons\3.0.0\spring-data-commons-3.0.0.jar;C:\Users\nicole\.m2\repository\org\springframework\spring-orm\6.0.3\spring-orm-6.0.3.jar;C:\Users\nicole\.m2\repository\org\springframework\spring-context\6.0.3\spring-context-6.0.3.jar;C:\Users\nicole\.m2\repository\org\springframework\spring-tx\6.0.3\spring-tx-6.0.3.jar;C:\Users\nicole\.m2\repository\org\springframework\spring-beans\6.0.3\spring-beans-6.0.3.jar;C:\Users\nicole\.m2\repository\jakarta\annotation\jakarta.annotation-api\2.1.1\jakarta.annotation-api-2.1.1.jar;C:\Users\nicole\.m2\repository\org\slf4j\slf4j-api\2.0.6\slf4j-api-2.0.6.jar;C:\Users\nicole\.m2\repository\org\springframework\spring-aspects\6.0.3\spring-aspects-6.0.3.jar;C:\Users\nicole\.m2\repository\com\mysql\mysql-connector-j\8.0.31\mysql-connector-j-8.0.31.jar;C:\Users\nicole\.m2\repository\org\springframework\boot\spring-boot-starter-web\3.0.1\spring-boot-starter-web-3.0.1.jar;C:\Users\nicole\.m2\
Launcher Type: SUN_STANDARD

[Global flags]
     intx CICompilerCount                          = 4                                         {product} {ergonomic}
     uint ConcGCThreads                            = 2                                         {product} {ergonomic}
     uint G1ConcRefinementThreads                  = 8                                         {product} {ergonomic}
   size_t G1HeapRegionSize                         = 2097152                                   {product} {ergonomic}
    uintx GCDrainStackTargetSize                   = 64                                        {product} {ergonomic}
   size_t InitialHeapSize                          = 268435456                                 {product} {ergonomic}
   size_t MarkStackSize                            = 4194304                                   {product} {ergonomic}
   size_t MaxHeapSize                              = 4263510016                                {product} {ergonomic}
   size_t MaxNewSize                               = 2556428288                                {product} {ergonomic}
   size_t MinHeapDeltaBytes                        = 2097152                                   {product} {ergonomic}
   size_t MinHeapSize                              = 8388608                                   {product} {ergonomic}
    uintx NonNMethodCodeHeapSize                   = 5839372                                {pd product} {ergonomic}
    uintx NonProfiledCodeHeapSize                  = 122909434                              {pd product} {ergonomic}
    uintx ProfiledCodeHeapSize                     = 122909434                              {pd product} {ergonomic}
    uintx ReservedCodeCacheSize                    = 251658240                              {pd product} {ergonomic}
     bool SegmentedCodeCache                       = true                                      {product} {ergonomic}
   size_t SoftMaxHeapSize                          = 4263510016                             {manageable} {ergonomic}
     bool UseCompressedClassPointers               = true                           {product lp64_product} {ergonomic}
     bool UseCompressedOops                        = true                           {product lp64_product} {ergonomic}
     bool UseG1GC                                  = true                                      {product} {ergonomic}
     bool UseLargePagesIndividualAllocation        = false                                  {pd product} {ergonomic}

Logging:
Log output configuration:
 #0: stdout all=warning uptime,level,tags
 #1: stderr all=off uptime,level,tags

Environment Variables:
JAVA_HOME=C:\Program Files\Java\jdk-16.0.2
PATH=C:\Program Files\Common Files\Oracle\Java\javapath;C:\Program Files (x86)\Common Files\Oracle\Java\javapath;C:\Python39\Scripts\;C:\Python39\;C:\WINDOWS\system32;C:\WINDOWS;C:\WINDOWS\System32\Wbem;C:\WINDOWS\System32\WindowsPowerShell\v1.0\;C:\WINDOWS\System32\OpenSSH\;C:\Program Files\Intel\WiFi\bin\;C:\Program Files\Common Files\Intel\WirelessCommon\;C:\Program Files\serialplot\bin;C:\Program Files\PuTTY\;C:\Program Files\nodejs\;C:\ProgramData\chocolatey\bin;C:\Users\nicole\Downloads\apache-maven-3.8.2-bin\apache-maven-3.8.2\bin;C:\Program Files (x86)\Intel\Intel(R) Management Engine Components\DAL;C:\Program Files\Intel\Intel(R) Management Engine Components\DAL;C:\Program Files\dotnet\;C:\Program Files\Git\cmd;C:\Program Files\Docker\Docker\resources\bin;C:\Users\nicole\AppData\Local\Programs\Python\Python310\Scripts\;C:\Users\nicole\AppData\Local\Programs\Python\Python310\;C:\Program Files\MySQL\MySQL Shell 8.0\bin\;C:\Users\nicole\AppData\Local\Programs\Python\Python38-32\Scripts\;C:\Users\nicole\AppData\Local\Programs\Python\Python38-32\;C:\Users\nicole\AppData\Local\Microsoft\WindowsApps;C:\Users\nicole\AppData\Local\Programs\Microsoft VS Code\bin;C:\Users\nicole\AppData\Roaming\npm;C:\ProgramData\nicole\atom\bin;C:\Program Files\JetBrains\IntelliJ IDEA Community Edition 2022.2.2\bin;C:\Program Files\JetBrains\PyCharm Community Edition 2022.2.2\bin;C:\Users\nicole\AppData\Local\Microsoft\WindowsApps;C:\Program Files\Java\jdk-16.0.2\bin;
USERNAME=nicole
OS=Windows_NT
PROCESSOR_IDENTIFIER=Intel64 Family 6 Model 142 Stepping 10, GenuineIntel



---------------  S Y S T E M  ---------------

OS:
 Windows 10 , 64 bit Build 22621 (10.0.22621.1194)
OS uptime: 10 days 6:29 hours
Hyper-V role detected

CPU: total 8 (initial active 8) (4 cores per cpu, 2 threads per core) family 6 model 142 stepping 10 microcode 0xea, cx8, cmov, fxsr, ht, mmx, 3dnowpref, sse, sse2, sse3, ssse3, sse4.1, sse4.2, popcnt, lzcnt, tsc, tscinvbit, avx, avx2, aes, erms, clmul, bmi1, bmi2, rtm, adx, fma, vzeroupper, clflush, clflushopt, hv

Memory: 4k page, system-wide physical 16262M (15M free)
TotalPageFile size 46562M (AvailPageFile size 0M)
current process WorkingSet (physical memory assigned to process): 146M, peak: 386M
current process commit charge ("private bytes"): 251M, peak: 433M

vm_info: Java HotSpot(TM) 64-Bit Server VM (17+35-LTS-2724) for windows-amd64 JRE (17+35-LTS-2724), built on Aug  5 2021 23:28:28 by "mach5one" with MS VC++ 16.8 (VS2019)

END.
